android-twa/app/build/intermediates/manifest_merge_blame_file/release/processReleaseMainManifest/manifest-merger-blame-release-report.txt
1<?xml version="1.0" encoding="utf-8"?>
2<!--
3    Copyright 2019 Google Inc. All Rights Reserved.
4
5     Licensed under the Apache License, Version 2.0 (the "License");
6     you may not use this file except in compliance with the License.
7     You may obtain a copy of the License at
8
9         http://www.apache.org/licenses/LICENSE-2.0
10
11     Unless required by applicable law or agreed to in writing, software
12     distributed under the License is distributed on an "AS IS" BASIS,
13     WITHOUT WARRANTIES OR CONDITIONS OF ANY KIND, either express or implied.
14     See the License for the specific language governing permissions and
15     limitations under the License.
16-->
17<!--
18 The "package" attribute is rewritten by the Gradle build with the value of applicationId.
19     It is still required here, as it is used to derive paths, for instance when referring
20     to an Activity by ".MyActivity" instead of the full name. If more Activities are added to the
21     application, the package attribute will need to reflect the correct path in order to use
22     the abbreviated format.
23-->
24<manifest xmlns:android="http://schemas.android.com/apk/res/android"
25    package="no.voxcuriosa.voxsnake"
26    android:versionCode="10"
27    android:versionName="1" >
28
29    <uses-sdk
30        android:minSdkVersion="21"
31        android:targetSdkVersion="35" />
32
33    <uses-permission android:name="android.permission.POST_NOTIFICATIONS" />
33-->src\main\AndroidManifest.xml:26:9-80
33-->src\main\AndroidManifest.xml:26:26-78
34
35    <queries>
35-->[com.google.androidbrowserhelper:androidbrowserhelper:2.5.0] AndroidManifest.xml:26:5-34:15
36        <intent>
36-->[com.google.androidbrowserhelper:androidbrowserhelper:2.5.0] AndroidManifest.xml:27:9-33:18
37            <action android:name="android.intent.action.VIEW" />
37-->src\main\AndroidManifest.xml:148:17-68
37-->src\main\AndroidManifest.xml:148:25-66
38
39            <category android:name="android.intent.category.BROWSABLE" />
39-->src\main\AndroidManifest.xml:150:17-77
39-->src\main\AndroidManifest.xml:150:27-75
40
41            <data android:scheme="https" />
41-->src\main\AndroidManifest.xml:151:17-154:19
41-->src\main\AndroidManifest.xml:151:23-45
42        </intent>
43    </queries>
44
45    <application
45-->src\main\AndroidManifest.xml:35:5-199:19
46        android:name="no.voxcuriosa.voxsnake.Application"
46-->src\main\AndroidManifest.xml:36:9-35
47        android:allowBackup="true"
47-->src\main\AndroidManifest.xml:37:9-35
48        android:appComponentFactory="androidx.core.app.CoreComponentFactory"
48-->[androidx.core:core:1.1.0] AndroidManifest.xml:24:18-86
49        android:extractNativeLibs="true"
50        android:icon="@mipmap/ic_launcher"
50-->src\main\AndroidManifest.xml:38:9-43
51        android:label="@string/appName"
51-->src\main\AndroidManifest.xml:39:9-40
52        android:manageSpaceActivity="com.google.androidbrowserhelper.trusted.ManageDataLauncherActivity"
52-->src\main\AndroidManifest.xml:41:9-105
53        android:supportsRtl="true"
53-->src\main\AndroidManifest.xml:43:9-35
54        android:theme="@android:style/Theme.Translucent.NoTitleBar" >
54-->src\main\AndroidManifest.xml:44:9-68
55        <meta-data
55-->src\main\AndroidManifest.xml:46:9-48:58
56            android:name="asset_statements"
56-->src\main\AndroidManifest.xml:47:13-44
57            android:resource="@string/assetStatements" />
57-->src\main\AndroidManifest.xml:48:13-55
58        <meta-data
58-->src\main\AndroidManifest.xml:51:13-53:58
59            android:name="web_manifest_url"
59-->src\main\AndroidManifest.xml:52:17-48
60            android:value="@string/webManifestUrl" />
60-->src\main\AndroidManifest.xml:53:17-55
61        <meta-data
61-->src\main\AndroidManifest.xml:56:9-58:52
62            android:name="twa_generator"
62-->src\main\AndroidManifest.xml:57:13-41
63            android:value="@string/generatorApp" />
63-->src\main\AndroidManifest.xml:58:13-49
64
65        <activity
65-->src\main\AndroidManifest.xml:65:13-76:24
66            android:name="com.google.androidbrowserhelper.trusted.ManageDataLauncherActivity"
66-->src\main\AndroidManifest.xml:65:23-104
67            android:enabled="true"
67-->src\main\AndroidManifest.xml:67:17-39
68            android:excludeFromRecents="true"
68-->src\main\AndroidManifest.xml:68:17-50
69            android:exported="false" >
69-->src\main\AndroidManifest.xml:66:17-41
70            <meta-data
70-->src\main\AndroidManifest.xml:69:17-71:57
71                android:name="android.support.customtabs.trusted.MANAGE_SPACE_URL"
71-->src\main\AndroidManifest.xml:70:21-87
72                android:value="@string/launchUrl" />
72-->src\main\AndroidManifest.xml:71:21-54
73
74            <intent-filter>
74-->src\main\AndroidManifest.xml:72:17-75:33
75                <action android:name="android.intent.action.APPLICATION_PREFERENCES" />
75-->src\main\AndroidManifest.xml:73:21-92
75-->src\main\AndroidManifest.xml:73:29-89
76
77                <category android:name="android.intent.category.DEFAULT" />
77-->src\main\AndroidManifest.xml:74:21-80
77-->src\main\AndroidManifest.xml:74:31-77
78            </intent-filter>
79        </activity>
80        <activity
80-->src\main\AndroidManifest.xml:79:9-160:20
81            android:name="no.voxcuriosa.voxsnake.LauncherActivity"
81-->src\main\AndroidManifest.xml:79:19-50
82            android:alwaysRetainTaskState="true"
82-->src\main\AndroidManifest.xml:80:13-49
83            android:exported="true"
83-->src\main\AndroidManifest.xml:82:13-36
84            android:label="@string/launcherName" >
84-->src\main\AndroidManifest.xml:81:13-49
85            <meta-data
85-->src\main\AndroidManifest.xml:83:13-84:53
86                android:name="android.support.customtabs.trusted.DEFAULT_URL"
86-->src\main\AndroidManifest.xml:83:24-85
87                android:value="@string/launchUrl" />
87-->src\main\AndroidManifest.xml:84:17-50
88            <meta-data
88-->src\main\AndroidManifest.xml:86:13-88:58
89                android:name="android.support.customtabs.trusted.STATUS_BAR_COLOR"
89-->src\main\AndroidManifest.xml:87:17-83
90                android:resource="@color/colorPrimary" />
90-->src\main\AndroidManifest.xml:88:17-55
91            <meta-data
91-->src\main\AndroidManifest.xml:92:13-94:62
92                android:name="android.support.customtabs.trusted.STATUS_BAR_COLOR_DARK"
92-->src\main\AndroidManifest.xml:93:17-88
93                android:resource="@color/colorPrimaryDark" />
93-->src\main\AndroidManifest.xml:94:17-59
94            <meta-data
94-->src\main\AndroidManifest.xml:96:13-98:61
95                android:name="android.support.customtabs.trusted.NAVIGATION_BAR_COLOR"
95-->src\main\AndroidManifest.xml:97:17-87
96                android:resource="@color/navigationColor" />
96-->src\main\AndroidManifest.xml:98:17-58
97            <meta-data
97-->src\main\AndroidManifest.xml:100:13-102:65
98                android:name="android.support.customtabs.trusted.NAVIGATION_BAR_COLOR_DARK"
98-->src\main\AndroidManifest.xml:101:17-92
99                android:resource="@color/navigationColorDark" />
99-->src\main\AndroidManifest.xml:102:17-62
100            <meta-data
100-->src\main\AndroidManifest.xml:104:13-106:68
101                android:name="androix.browser.trusted.NAVIGATION_BAR_DIVIDER_COLOR"
101-->src\main\AndroidManifest.xml:105:17-84
102                android:resource="@color/navigationDividerColor" />
102-->src\main\AndroidManifest.xml:106:17-65
103            <meta-data
103-->src\main\AndroidManifest.xml:108:13-110:72
104                android:name="androix.browser.trusted.NAVIGATION_BAR_DIVIDER_COLOR_DARK"
104-->src\main\AndroidManifest.xml:109:17-89
105                android:resource="@color/navigationDividerColorDark" />
105-->src\main\AndroidManifest.xml:110:17-69
106            <meta-data
106-->src\main\AndroidManifest.xml:112:13-113:54
107                android:name="android.support.customtabs.trusted.SPLASH_IMAGE_DRAWABLE"
107-->src\main\AndroidManifest.xml:112:24-95
108                android:resource="@drawable/splash" />
108-->src\main\AndroidManifest.xml:113:17-52
109            <meta-data
109-->src\main\AndroidManifest.xml:115:13-116:60
110                android:name="android.support.customtabs.trusted.SPLASH_SCREEN_BACKGROUND_COLOR"
110-->src\main\AndroidManifest.xml:115:24-104
111                android:resource="@color/backgroundColor" />
111-->src\main\AndroidManifest.xml:116:17-58
112            <meta-data
112-->src\main\AndroidManifest.xml:118:13-119:71
113                android:name="android.support.customtabs.trusted.SPLASH_SCREEN_FADE_OUT_DURATION"
113-->src\main\AndroidManifest.xml:118:24-105
114                android:value="@integer/splashScreenFadeOutDuration" />
114-->src\main\AndroidManifest.xml:119:17-69
115            <meta-data
115-->src\main\AndroidManifest.xml:121:13-122:60
116                android:name="android.support.customtabs.trusted.FILE_PROVIDER_AUTHORITY"
116-->src\main\AndroidManifest.xml:121:24-97
117                android:value="@string/providerAuthority" />
117-->src\main\AndroidManifest.xml:122:17-58
118            <meta-data
118-->src\main\AndroidManifest.xml:124:13-97
119                android:name="android.app.shortcuts"
119-->src\main\AndroidManifest.xml:124:24-60
120                android:resource="@xml/shortcuts" />
120-->src\main\AndroidManifest.xml:124:61-94
121            <meta-data
121-->src\main\AndroidManifest.xml:126:13-127:56
122                android:name="android.support.customtabs.trusted.FALLBACK_STRATEGY"
122-->src\main\AndroidManifest.xml:126:24-91
123                android:value="@string/fallbackType" />
123-->src\main\AndroidManifest.xml:127:17-53
124            <meta-data
124-->src\main\AndroidManifest.xml:133:13-134:54
125                android:name="android.support.customtabs.trusted.SCREEN_ORIENTATION"
125-->src\main\AndroidManifest.xml:133:24-92
126                android:value="@string/orientation" />
126-->src\main\AndroidManifest.xml:134:17-52
127
128            <intent-filter>
128-->src\main\AndroidManifest.xml:142:13-145:29
129                <action android:name="android.intent.action.MAIN" />
129-->src\main\AndroidManifest.xml:143:17-69
129-->src\main\AndroidManifest.xml:143:25-66
130
131                <category android:name="android.intent.category.LAUNCHER" />
131-->src\main\AndroidManifest.xml:144:17-77
131-->src\main\AndroidManifest.xml:144:27-74
132            </intent-filter>
133            <intent-filter android:autoVerify="true" >
133-->src\main\AndroidManifest.xml:147:13-155:29
133-->src\main\AndroidManifest.xml:147:28-53
134                <action android:name="android.intent.action.VIEW" />
134-->src\main\AndroidManifest.xml:148:17-68
134-->src\main\AndroidManifest.xml:148:25-66
135
136                <category android:name="android.intent.category.DEFAULT" />
136-->src\main\AndroidManifest.xml:74:21-80
136-->src\main\AndroidManifest.xml:74:31-77
137                <category android:name="android.intent.category.BROWSABLE" />
137-->src\main\AndroidManifest.xml:150:17-77
137-->src\main\AndroidManifest.xml:150:27-75
138
139                <data
139-->src\main\AndroidManifest.xml:151:17-154:19
140                    android:host="@string/hostName"
140-->src\main\AndroidManifest.xml:152:21-52
141                    android:scheme="https" />
141-->src\main\AndroidManifest.xml:151:23-45
142            </intent-filter>
143        </activity>
144        <activity android:name="com.google.androidbrowserhelper.trusted.FocusActivity" />
144-->src\main\AndroidManifest.xml:162:9-90
144-->src\main\AndroidManifest.xml:162:19-87
145        <activity
145-->src\main\AndroidManifest.xml:164:9-165:62
146            android:name="com.google.androidbrowserhelper.trusted.WebViewFallbackActivity"
146-->src\main\AndroidManifest.xml:164:19-97
147            android:configChanges="orientation|screenSize" />
147-->src\main\AndroidManifest.xml:165:13-59
148
149        <provider
149-->src\main\AndroidManifest.xml:167:9-175:20
150            android:name="androidx.core.content.FileProvider"
150-->src\main\AndroidManifest.xml:168:13-62
151            android:authorities="@string/providerAuthority"
151-->src\main\AndroidManifest.xml:169:13-60
152            android:exported="false"
152-->src\main\AndroidManifest.xml:171:13-37
153            android:grantUriPermissions="true" >
153-->src\main\AndroidManifest.xml:170:13-47
154            <meta-data
154-->src\main\AndroidManifest.xml:172:13-174:53
155                android:name="android.support.FILE_PROVIDER_PATHS"
155-->src\main\AndroidManifest.xml:173:17-67
156                android:resource="@xml/filepaths" />
156-->src\main\AndroidManifest.xml:174:17-50
157        </provider>
158
159        <service
159-->src\main\AndroidManifest.xml:177:9-192:19
160            android:name="no.voxcuriosa.voxsnake.DelegationService"
160-->src\main\AndroidManifest.xml:178:13-46
161            android:enabled="@bool/enableNotification"
161-->src\main\AndroidManifest.xml:179:13-55
162            android:exported="@bool/enableNotification" >
162-->src\main\AndroidManifest.xml:180:13-56
163            <meta-data
163-->src\main\AndroidManifest.xml:183:17-185:73
164                android:name="android.support.customtabs.trusted.SMALL_ICON"
164-->src\main\AndroidManifest.xml:184:21-81
165                android:resource="@drawable/ic_notification_icon" />
165-->src\main\AndroidManifest.xml:185:21-70
166
167            <intent-filter>
167-->src\main\AndroidManifest.xml:188:13-191:29
168                <action android:name="android.support.customtabs.trusted.TRUSTED_WEB_ACTIVITY_SERVICE" />
168-->src\main\AndroidManifest.xml:189:17-105
168-->src\main\AndroidManifest.xml:189:25-103
169
170                <category android:name="android.intent.category.DEFAULT" />
170-->src\main\AndroidManifest.xml:74:21-80
170-->src\main\AndroidManifest.xml:74:31-77
171            </intent-filter>
172        </service>
173
174        <activity android:name="com.google.androidbrowserhelper.trusted.NotificationPermissionRequestActivity" />
174-->src\main\AndroidManifest.xml:195:13-118
174-->src\main\AndroidManifest.xml:195:23-115
175    </application>
176
177</manifest>